# JRE version: OpenJDK Runtime Environment Temurin-21.0.11+10 (21.0.11+10) (build 21.0.11+10-LTS)
# Java VM: OpenJDK 64-Bit Server VM Temurin-21.0.11+10 (21.0.11+10-LTS, mixed mode, sharing, tiered, compressed oops, compressed class ptrs, parallel gc, windows-amd64)
GC Precious Log:
 CardTable entry size: 512
 CPUs: 12 total, 12 available
 Memory: 16055M
 Large Page Support: Disabled
 NUMA Support: Disabled
 Compressed Oops: Enabled (32-bit)
 Alignments: Space 512K, Generation 512K, Heap 2M
 Heap Min Capacity: 100M
 Heap Initial Capacity: 100M
 Heap Max Capacity: 2G
 Pre-touch: Disabled
 Parallel Workers: 10
Heap:
 PSYoungGen      total 12288K, used 160K [0x00000000d5580000, 0x00000000d6400000, 0x0000000100000000)
  eden space 11776K, 0% used [0x00000000d5580000,0x00000000d5580000,0x00000000d6100000)
  from space 512K, 31% used [0x00000000d6180000,0x00000000d61a8000,0x00000000d6200000)
  to   space 1024K, 0% used [0x00000000d6300000,0x00000000d6300000,0x00000000d6400000)
 ParOldGen       total 186368K, used 186100K [0x0000000080000000, 0x000000008b600000, 0x00000000d5580000)
  object space 186368K, 99% used [0x0000000080000000,0x000000008b5bd3e0,0x000000008b600000)
 Metaspace       used 80741K, committed 82432K, reserved 1179648K
  class space    used 8539K, committed 9280K, reserved 1048576K
GC Heap History (20 events):
Event: 932.753 GC heap after
{Heap after GC invocations=105 (full 3):
 PSYoungGen      total 15360K, used 288K [0x00000000d5580000, 0x00000000d6700000, 0x0000000100000000)
  eden space 14848K, 0% used [0x00000000d5580000,0x00000000d5580000,0x00000000d6400000)
  from space 512K, 56% used [0x00000000d6680000,0x00000000d66c8000,0x00000000d6700000)
  to   space 512K, 0% used [0x00000000d6600000,0x00000000d6600000,0x00000000d6680000)
 ParOldGen       total 181248K, used 180792K [0x0000000080000000, 0x000000008b100000, 0x00000000d5580000)
  object space 181248K, 99% used [0x0000000080000000,0x000000008b08e000,0x000000008b100000)
 Metaspace       used 80532K, committed 82304K, reserved 1179648K
  class space    used 8524K, committed 9280K, reserved 1048576K
}
Event: 933.048 GC heap before
{Heap before GC invocations=106 (full 3):
 PSYoungGen      total 15360K, used 15136K [0x00000000d5580000, 0x00000000d6700000, 0x0000000100000000)
  eden space 14848K, 100% used [0x00000000d5580000,0x00000000d6400000,0x00000000d6400000)
  from space 512K, 56% used [0x00000000d6680000,0x00000000d66c8000,0x00000000d6700000)
  to   space 512K, 0% used [0x00000000d6600000,0x00000000d6600000,0x00000000d6680000)
 ParOldGen       total 181248K, used 180792K [0x0000000080000000, 0x000000008b100000, 0x00000000d5580000)
  object space 181248K, 99% used [0x0000000080000000,0x000000008b08e000,0x000000008b100000)
 Metaspace       used 80566K, committed 82304K, reserved 1179648K
  class space    used 8524K, committed 9280K, reserved 1048576K
}
Event: 933.049 GC heap after
{Heap after GC invocations=106 (full 3):
 PSYoungGen      total 15360K, used 288K [0x00000000d5580000, 0x00000000d6700000, 0x0000000100000000)
  eden space 14848K, 0% used [0x00000000d5580000,0x00000000d5580000,0x00000000d6400000)
  from space 512K, 56% used [0x00000000d6600000,0x00000000d6648000,0x00000000d6680000)
  to   space 512K, 0% used [0x00000000d6680000,0x00000000d6680000,0x00000000d6700000)
 ParOldGen       total 181248K, used 180808K [0x0000000080000000, 0x000000008b100000, 0x00000000d5580000)
  object space 181248K, 99% used [0x0000000080000000,0x000000008b092000,0x000000008b100000)
 Metaspace       used 80566K, committed 82304K, reserved 1179648K
  class space    used 8524K, committed 9280K, reserved 1048576K
}
Event: 934.286 GC heap before
{Heap before GC invocations=107 (full 3):
 PSYoungGen      total 15360K, used 15136K [0x00000000d5580000, 0x00000000d6700000, 0x0000000100000000)
  eden space 14848K, 100% used [0x00000000d5580000,0x00000000d6400000,0x00000000d6400000)
  from space 512K, 56% used [0x00000000d6600000,0x00000000d6648000,0x00000000d6680000)
  to   space 512K, 0% used [0x00000000d6680000,0x00000000d6680000,0x00000000d6700000)
 ParOldGen       total 181248K, used 180808K [0x0000000080000000, 0x000000008b100000, 0x00000000d5580000)
  object space 181248K, 99% used [0x0000000080000000,0x000000008b092000,0x000000008b100000)
 Metaspace       used 80670K, committed 82368K, reserved 1179648K
  class space    used 8537K, committed 9280K, reserved 1048576K
}
Event: 934.288 GC heap after
{Heap after GC invocations=107 (full 3):
 PSYoungGen      total 15360K, used 480K [0x00000000d5580000, 0x00000000d6700000, 0x0000000100000000)
  eden space 14848K, 0% used [0x00000000d5580000,0x00000000d5580000,0x00000000d6400000)
  from space 512K, 93% used [0x00000000d6680000,0x00000000d66f8020,0x00000000d6700000)
  to   space 1024K, 0% used [0x00000000d6500000,0x00000000d6500000,0x00000000d6600000)
 ParOldGen       total 181248K, used 181238K [0x0000000080000000, 0x000000008b100000, 0x00000000d5580000)
  object space 181248K, 99% used [0x0000000080000000,0x000000008b0fd890,0x000000008b100000)
 Metaspace       used 80670K, committed 82368K, reserved 1179648K
  class space    used 8537K, committed 9280K, reserved 1048576K
}
Event: 972.140 GC heap before
{Heap before GC invocations=108 (full 3):
 PSYoungGen      total 15360K, used 15328K [0x00000000d5580000, 0x00000000d6700000, 0x0000000100000000)
  eden space 14848K, 100% used [0x00000000d5580000,0x00000000d6400000,0x00000000d6400000)
  from space 512K, 93% used [0x00000000d6680000,0x00000000d66f8020,0x00000000d6700000)
  to   space 1024K, 0% used [0x00000000d6500000,0x00000000d6500000,0x00000000d6600000)
 ParOldGen       total 181248K, used 181238K [0x0000000080000000, 0x000000008b100000, 0x00000000d5580000)
  object space 181248K, 99% used [0x0000000080000000,0x000000008b0fd890,0x000000008b100000)
 Metaspace       used 80705K, committed 82368K, reserved 1179648K
  class space    used 8537K, committed 9280K, reserved 1048576K
}
Event: 972.142 GC heap after
{Heap after GC invocations=108 (full 3):
 PSYoungGen      total 15872K, used 1005K [0x00000000d5580000, 0x00000000d6800000, 0x0000000100000000)
  eden space 14848K, 0% used [0x00000000d5580000,0x00000000d5580000,0x00000000d6400000)
  from space 1024K, 98% used [0x00000000d6500000,0x00000000d65fb7f0,0x00000000d6600000)
  to   space 2048K, 0% used [0x00000000d6600000,0x00000000d6600000,0x00000000d6800000)
 ParOldGen       total 181760K, used 181715K [0x0000000080000000, 0x000000008b180000, 0x00000000d5580000)
  object space 181760K, 99% used [0x0000000080000000,0x000000008b174d20,0x000000008b180000)
 Metaspace       used 80705K, committed 82368K, reserved 1179648K
  class space    used 8537K, committed 9280K, reserved 1048576K
}
Event: 972.175 GC heap before
{Heap before GC invocations=109 (full 3):
 PSYoungGen      total 15872K, used 15853K [0x00000000d5580000, 0x00000000d6800000, 0x0000000100000000)
  eden space 14848K, 100% used [0x00000000d5580000,0x00000000d6400000,0x00000000d6400000)
  from space 1024K, 98% used [0x00000000d6500000,0x00000000d65fb7f0,0x00000000d6600000)
  to   space 2048K, 0% used [0x00000000d6600000,0x00000000d6600000,0x00000000d6800000)
 ParOldGen       total 181760K, used 181715K [0x0000000080000000, 0x000000008b180000, 0x00000000d5580000)
  object space 181760K, 99% used [0x0000000080000000,0x000000008b174d20,0x000000008b180000)
 Metaspace       used 80715K, committed 82368K, reserved 1179648K
  class space    used 8539K, committed 9280K, reserved 1048576K
}
Event: 972.178 GC heap after
{Heap after GC invocations=109 (full 3):
 PSYoungGen      total 13824K, used 2029K [0x00000000d5580000, 0x00000000d6e00000, 0x0000000100000000)
  eden space 11776K, 0% used [0x00000000d5580000,0x00000000d5580000,0x00000000d6100000)
  from space 2048K, 99% used [0x00000000d6600000,0x00000000d67fb7f0,0x00000000d6800000)
  to   space 5120K, 0% used [0x00000000d6100000,0x00000000d6100000,0x00000000d6600000)
 ParOldGen       total 184320K, used 183862K [0x0000000080000000, 0x000000008b400000, 0x00000000d5580000)
  object space 184320K, 99% used [0x0000000080000000,0x000000008b38dbf0,0x000000008b400000)
 Metaspace       used 80715K, committed 82368K, reserved 1179648K
  class space    used 8539K, committed 9280K, reserved 1048576K
}
Event: 972.376 GC heap before
{Heap before GC invocations=110 (full 3):
 PSYoungGen      total 13824K, used 13805K [0x00000000d5580000, 0x00000000d6e00000, 0x0000000100000000)
  eden space 11776K, 100% used [0x00000000d5580000,0x00000000d6100000,0x00000000d6100000)
  from space 2048K, 99% used [0x00000000d6600000,0x00000000d67fb7f0,0x00000000d6800000)
  to   space 5120K, 0% used [0x00000000d6100000,0x00000000d6100000,0x00000000d6600000)
 ParOldGen       total 184320K, used 183862K [0x0000000080000000, 0x000000008b400000, 0x00000000d5580000)
  object space 184320K, 99% used [0x0000000080000000,0x000000008b38dbf0,0x000000008b400000)
 Metaspace       used 80720K, committed 82368K, reserved 1179648K
  class space    used 8539K, committed 9280K, reserved 1048576K
}
Event: 972.379 GC heap after
{Heap after GC invocations=110 (full 3):
 PSYoungGen      total 15360K, used 3085K [0x00000000d5580000, 0x00000000d6800000, 0x0000000100000000)
  eden space 11776K, 0% used [0x00000000d5580000,0x00000000d5580000,0x00000000d6100000)
  from space 3584K, 86% used [0x00000000d6100000,0x00000000d64037f0,0x00000000d6480000)
  to   space 3584K, 0% used [0x00000000d6480000,0x00000000d6480000,0x00000000d6800000)
 ParOldGen       total 185856K, used 185692K [0x0000000080000000, 0x000000008b580000, 0x00000000d5580000)
  object space 185856K, 99% used [0x0000000080000000,0x000000008b5573e0,0x000000008b580000)
 Metaspace       used 80720K, committed 82368K, reserved 1179648K
  class space    used 8539K, committed 9280K, reserved 1048576K
}
Event: 972.872 GC heap before
{Heap before GC invocations=111 (full 3):
 PSYoungGen      total 15360K, used 14861K [0x00000000d5580000, 0x00000000d6800000, 0x0000000100000000)
  eden space 11776K, 100% used [0x00000000d5580000,0x00000000d6100000,0x00000000d6100000)
  from space 3584K, 86% used [0x00000000d6100000,0x00000000d64037f0,0x00000000d6480000)
  to   space 3584K, 0% used [0x00000000d6480000,0x00000000d6480000,0x00000000d6800000)
 ParOldGen       total 185856K, used 185692K [0x0000000080000000, 0x000000008b580000, 0x00000000d5580000)
  object space 185856K, 99% used [0x0000000080000000,0x000000008b5573e0,0x000000008b580000)
 Metaspace       used 80721K, committed 82368K, reserved 1179648K
  class space    used 8539K, committed 9280K, reserved 1048576K
}
Event: 972.875 GC heap after
{Heap after GC invocations=111 (full 3):
 PSYoungGen      total 14848K, used 2637K [0x00000000d5580000, 0x00000000d6780000, 0x0000000100000000)
  eden space 11776K, 0% used [0x00000000d5580000,0x00000000d5580000,0x00000000d6100000)
  from space 3072K, 85% used [0x00000000d6480000,0x00000000d67137f0,0x00000000d6780000)
  to   space 3072K, 0% used [0x00000000d6180000,0x00000000d6180000,0x00000000d6480000)
 ParOldGen       total 186368K, used 186036K [0x0000000080000000, 0x000000008b600000, 0x00000000d5580000)
  object space 186368K, 99% used [0x0000000080000000,0x000000008b5ad3e0,0x000000008b600000)
 Metaspace       used 80721K, committed 82368K, reserved 1179648K
  class space    used 8539K, committed 9280K, reserved 1048576K
}
Event: 973.319 GC heap before
{Heap before GC invocations=112 (full 3):
 PSYoungGen      total 14848K, used 14413K [0x00000000d5580000, 0x00000000d6780000, 0x0000000100000000)
  eden space 11776K, 100% used [0x00000000d5580000,0x00000000d6100000,0x00000000d6100000)
  from space 3072K, 85% used [0x00000000d6480000,0x00000000d67137f0,0x00000000d6780000)
  to   space 3072K, 0% used [0x00000000d6180000,0x00000000d6180000,0x00000000d6480000)
 ParOldGen       total 186368K, used 186036K [0x0000000080000000, 0x000000008b600000, 0x00000000d5580000)
  object space 186368K, 99% used [0x0000000080000000,0x000000008b5ad3e0,0x000000008b600000)
 Metaspace       used 80721K, committed 82368K, reserved 1179648K
  class space    used 8539K, committed 9280K, reserved 1048576K
}
Event: 973.320 GC heap after
{Heap after GC invocations=112 (full 3):
 PSYoungGen      total 13824K, used 1837K [0x00000000d5580000, 0x00000000d6600000, 0x0000000100000000)
  eden space 11776K, 0% used [0x00000000d5580000,0x00000000d5580000,0x00000000d6100000)
  from space 2048K, 89% used [0x00000000d6180000,0x00000000d634b7f0,0x00000000d6380000)
  to   space 2560K, 0% used [0x00000000d6380000,0x00000000d6380000,0x00000000d6600000)
 ParOldGen       total 186368K, used 186052K [0x0000000080000000, 0x000000008b600000, 0x00000000d5580000)
  object space 186368K, 99% used [0x0000000080000000,0x000000008b5b13e0,0x000000008b600000)
 Metaspace       used 80721K, committed 82368K, reserved 1179648K
  class space    used 8539K, committed 9280K, reserved 1048576K
}
Event: 973.340 GC heap before
{Heap before GC invocations=113 (full 3):
 PSYoungGen      total 13824K, used 13613K [0x00000000d5580000, 0x00000000d6600000, 0x0000000100000000)
  eden space 11776K, 100% used [0x00000000d5580000,0x00000000d6100000,0x00000000d6100000)
  from space 2048K, 89% used [0x00000000d6180000,0x00000000d634b7f0,0x00000000d6380000)
  to   space 2560K, 0% used [0x00000000d6380000,0x00000000d6380000,0x00000000d6600000)
 ParOldGen       total 186368K, used 186052K [0x0000000080000000, 0x000000008b600000, 0x00000000d5580000)
  object space 186368K, 99% used [0x0000000080000000,0x000000008b5b13e0,0x000000008b600000)
 Metaspace       used 80738K, committed 82432K, reserved 1179648K
  class space    used 8539K, committed 9280K, reserved 1048576K
}
Event: 973.342 GC heap after
{Heap after GC invocations=113 (full 3):
 PSYoungGen      total 13824K, used 1741K [0x00000000d5580000, 0x00000000d6580000, 0x0000000100000000)
  eden space 11776K, 0% used [0x00000000d5580000,0x00000000d5580000,0x00000000d6100000)
  from space 2048K, 85% used [0x00000000d6380000,0x00000000d65337f0,0x00000000d6580000)
  to   space 2048K, 0% used [0x00000000d6180000,0x00000000d6180000,0x00000000d6380000)
 ParOldGen       total 186368K, used 186076K [0x0000000080000000, 0x000000008b600000, 0x00000000d5580000)
  object space 186368K, 99% used [0x0000000080000000,0x000000008b5b73e0,0x000000008b600000)
 Metaspace       used 80738K, committed 82432K, reserved 1179648K
  class space    used 8539K, committed 9280K, reserved 1048576K
}
Event: 1030.387 GC heap before
{Heap before GC invocations=114 (full 3):
 PSYoungGen      total 13824K, used 5261K [0x00000000d5580000, 0x00000000d6580000, 0x0000000100000000)
  eden space 11776K, 29% used [0x00000000d5580000,0x00000000d58eff98,0x00000000d6100000)
  from space 2048K, 85% used [0x00000000d6380000,0x00000000d65337f0,0x00000000d6580000)
  to   space 2048K, 0% used [0x00000000d6180000,0x00000000d6180000,0x00000000d6380000)
 ParOldGen       total 186368K, used 186076K [0x0000000080000000, 0x000000008b600000, 0x00000000d5580000)
  object space 186368K, 99% used [0x0000000080000000,0x000000008b5b73e0,0x000000008b600000)
 Metaspace       used 80741K, committed 82432K, reserved 1179648K
  class space    used 8539K, committed 9280K, reserved 1048576K
}
Event: 1030.389 GC heap after
{Heap after GC invocations=114 (full 3):
 PSYoungGen      total 12288K, used 160K [0x00000000d5580000, 0x00000000d6400000, 0x0000000100000000)
  eden space 11776K, 0% used [0x00000000d5580000,0x00000000d5580000,0x00000000d6100000)
  from space 512K, 31% used [0x00000000d6180000,0x00000000d61a8000,0x00000000d6200000)
  to   space 1024K, 0% used [0x00000000d6300000,0x00000000d6300000,0x00000000d6400000)
 ParOldGen       total 186368K, used 186100K [0x0000000080000000, 0x000000008b600000, 0x00000000d5580000)
  object space 186368K, 99% used [0x0000000080000000,0x000000008b5bd3e0,0x000000008b600000)
 Metaspace       used 80741K, committed 82432K, reserved 1179648K
  class space    used 8539K, committed 9280K, reserved 1048576K
}
Event: 1030.389 GC heap before
{Heap before GC invocations=115 (full 4):
 PSYoungGen      total 12288K, used 160K [0x00000000d5580000, 0x00000000d6400000, 0x0000000100000000)
  eden space 11776K, 0% used [0x00000000d5580000,0x00000000d5580000,0x00000000d6100000)
  from space 512K, 31% used [0x00000000d6180000,0x00000000d61a8000,0x00000000d6200000)
  to   space 1024K, 0% used [0x00000000d6300000,0x00000000d6300000,0x00000000d6400000)
 ParOldGen       total 186368K, used 186100K [0x0000000080000000, 0x000000008b600000, 0x00000000d5580000)
  object space 186368K, 99% used [0x0000000080000000,0x000000008b5bd3e0,0x000000008b600000)
 Metaspace       used 80741K, committed 82432K, reserved 1179648K
  class space    used 8539K, committed 9280K, reserved 1048576K
}

